2025-10-14 10:38:20,114 - ERROR - ❌ خطأ في تنسيق ملف القواعد: Expecting value: line 1 column 1 (char 0)
2025-10-14 10:38:20,114 - INFO - 📖 تم قراءة الملف: data/sample_log.txt (276 بايت، 5 سطر)
2025-10-14 10:38:20,115 - INFO - 🔍 عُثر على: Malware (1 مرة)
2025-10-14 10:38:20,115 - INFO - 🔍 عُثر على: Warning (1 مرة)
2025-10-14 10:38:20,115 - INFO - 🔍 عُثر على: Malware (1 مرة)
2025-10-14 10:38:20,116 - INFO - 🔍 عُثر على: Warning (1 مرة)
2025-10-14 10:38:20,117 - INFO - 💾 تم حفظ التقرير في: results/forensic_report_20251014_103820.txt
2025-10-14 10:45:15,566 - INFO - ✅ تم تحميل 7 قاعدة من rules.json
2025-10-14 10:45:15,566 - INFO - 📖 تم قراءة الملف: data/sample_log.txt (276 بايت، 5 سطر)
2025-10-14 10:45:15,567 - INFO - 🔍 عُثر على: Malware (1 مرة)
2025-10-14 10:45:15,567 - INFO - 🔍 عُثر على: Unauthorized Access (1 مرة)
2025-10-14 10:45:15,567 - INFO - 🔍 عُثر على: Warning (1 مرة)
2025-10-14 10:45:15,567 - INFO - 🔍 عُثر على: Timeout (1 مرة)
2025-10-14 10:45:15,568 - INFO - 🔍 عُثر على: Malware (1 مرة)
2025-10-14 10:45:15,568 - INFO - 🔍 عُثر على: Unauthorized Access (1 مرة)
2025-10-14 10:45:15,568 - INFO - 🔍 عُثر على: Warning (1 مرة)
2025-10-14 10:45:15,568 - INFO - 🔍 عُثر على: Timeout (1 مرة)
2025-10-14 10:45:15,569 - INFO - 💾 تم حفظ التقرير في: results/forensic_report_20251014_104515.txt
2025-10-14 10:45:48,021 - INFO - ✅ تم تحميل 7 قاعدة من rules.json
2025-10-14 10:45:48,021 - INFO - 📖 تم قراءة الملف: data/sample_log.txt (276 بايت، 5 سطر)
2025-10-14 10:45:48,022 - INFO - 🔍 عُثر على: Malware (1 مرة)
2025-10-14 10:45:48,022 - INFO - 🔍 عُثر على: Unauthorized Access (1 مرة)
2025-10-14 10:45:48,022 - INFO - 🔍 عُثر على: Warning (1 مرة)
2025-10-14 10:45:48,022 - INFO - 🔍 عُثر على: Timeout (1 مرة)
2025-10-14 10:45:48,022 - INFO - 🔍 عُثر على: Malware (1 مرة)
2025-10-14 10:45:48,022 - INFO - 🔍 عُثر على: Unauthorized Access (1 مرة)
2025-10-14 10:45:48,023 - INFO - 🔍 عُثر على: Warning (1 مرة)
2025-10-14 10:45:48,023 - INFO - 🔍 عُثر على: Timeout (1 مرة)
2025-10-14 10:45:48,023 - INFO - 💾 تم حفظ التقرير في: results/forensic_report_20251014_104548.txt
2025-10-14 10:46:23,857 - INFO - ✅ تم تحميل 7 قاعدة من rules.json
2025-10-14 10:46:23,857 - INFO - 📖 تم قراءة الملف: data/sample_log.txt (276 بايت، 5 سطر)
2025-10-14 10:46:23,857 - INFO - 🔍 عُثر على: Malware (1 مرة)
2025-10-14 10:46:23,858 - INFO - 🔍 عُثر على: Unauthorized Access (1 مرة)
2025-10-14 10:46:23,858 - INFO - 🔍 عُثر على: Warning (1 مرة)
2025-10-14 10:46:23,858 - INFO - 🔍 عُثر على: Timeout (1 مرة)
2025-10-14 10:46:23,858 - INFO - 🔍 عُثر على: Malware (1 مرة)
2025-10-14 10:46:23,858 - INFO - 🔍 عُثر على: Unauthorized Access (1 مرة)
2025-10-14 10:46:23,858 - INFO - 🔍 عُثر على: Warning (1 مرة)
2025-10-14 10:46:23,858 - INFO - 🔍 عُثر على: Timeout (1 مرة)
2025-10-14 10:46:23,859 - INFO - 💾 تم حفظ التقرير في: results/forensic_report_20251014_104623.txt
2025-10-14 10:47:15,823 - INFO - ✅ تم تحميل 7 قاعدة من rules.json
2025-10-14 10:47:15,824 - INFO - 📖 تم قراءة الملف: data/sample_log.txt (276 بايت، 5 سطر)
2025-10-14 10:47:15,824 - INFO - 🔍 عُثر على: Malware (1 مرة)
2025-10-14 10:47:15,824 - INFO - 🔍 عُثر على: Unauthorized Access (1 مرة)
2025-10-14 10:47:15,824 - INFO - 🔍 عُثر على: Warning (1 مرة)
2025-10-14 10:47:15,825 - INFO - 🔍 عُثر على: Timeout (1 مرة)
2025-10-14 10:47:15,825 - INFO - 🔍 عُثر على: Malware (1 مرة)
2025-10-14 10:47:15,825 - INFO - 🔍 عُثر على: Unauthorized Access (1 مرة)
2025-10-14 10:47:15,825 - INFO - 🔍 عُثر على: Warning (1 مرة)
2025-10-14 10:47:15,825 - INFO - 🔍 عُثر على: Timeout (1 مرة)
2025-10-14 10:47:15,826 - INFO - 💾 تم حفظ التقرير في: results/forensic_report_20251014_104715.txt
2025-10-14 20:50:56,280 - INFO - ✅ تم تحميل 7 قاعدة من rules.json
2025-10-14 20:50:56,280 - INFO - 📖 تم قراءة الملف: data/sample_log.txt (271 بايت، 5 سطر)
2025-10-14 20:50:56,281 - INFO - 🔍 عُثر على: Malware (1 مرة)
2025-10-14 20:50:56,281 - INFO - 🔍 عُثر على: Unauthorized Access (1 مرة)
2025-10-14 20:50:56,281 - INFO - 🔍 عُثر على: Warning (1 مرة)
2025-10-14 20:50:56,281 - INFO - 🔍 عُثر على: Timeout (1 مرة)
2025-10-14 20:50:56,282 - INFO - 🔍 عُثر على: Malware (1 مرة)
2025-10-14 20:50:56,282 - INFO - 🔍 عُثر على: Unauthorized Access (1 مرة)
2025-10-14 20:50:56,282 - INFO - 🔍 عُثر على: Warning (1 مرة)
2025-10-14 20:50:56,282 - INFO - 🔍 عُثر على: Timeout (1 مرة)
2025-10-14 20:50:56,284 - INFO - 💾 تم حفظ التقرير في: results/forensic_report_20251014_205056.txt
